<?xml version="1.0" encoding="UTF-8"?>
<testsuite name="Automation Demo Site" tests="1" skipped="0" failures="0" errors="0" timestamp="2021-03-29T22:20:42" hostname="LAPTOP-AVRRJBHF" time="27.853">
  <properties/>
  <testcase name="New user registration" classname="Automation Demo Site" time="27.853"/>
  <system-out><![CDATA[]]></system-out>
  <system-err><![CDATA[[Test worker] WARN net.thucydides.core.steps.BaseStepListener - stepStarted: net.thucydides.core.steps.ExecutedStepDescription@374cda2b
[Test worker] INFO net.thucydides.core.steps.ConsoleLoggingListener - STARTING STEP Given The user wants to register on the platform
[Test worker] WARN net.thucydides.core.steps.BaseStepListener - stepStarted: net.thucydides.core.steps.ExecutedStepDescription@2f33762a
[Test worker] INFO net.thucydides.core.steps.ConsoleLoggingListener - STARTING STEP User open up
[Test worker] WARN net.thucydides.core.steps.BaseStepListener - stepStarted: net.thucydides.core.steps.ExecutedStepDescription@580594ad
[Test worker] INFO net.thucydides.core.steps.ConsoleLoggingListener - STARTING STEP User opens the Automation demo site page
mar. 29, 2021 5:20:43 P. M. org.openqa.selenium.remote.DesiredCapabilities chrome
INFORMACIÓN: Using `new ChromeOptions()` is preferred to `DesiredCapabilities.chrome()`
[Test worker] INFO net.serenitybdd.core.webdriver.driverproviders.ProvideNewDriver - Instantiating driver
[Test worker] INFO net.serenitybdd.core.webdriver.driverproviders.ProvideNewDriver - Driver capabilities: Capabilities {acceptInsecureCerts: false, browserName: chrome, chrome.switches: --star-maximized, goog:chromeOptions: {args: [--star-maximized], extensions: []}, loggingPrefs: org.openqa.selenium.logging..., platform: ANY, version: }
Starting ChromeDriver 88.0.4324.96 (68dba2d8a0b149a1d3afac56fa74648032bcf46b-refs/branch-heads/4324@{#1784}) on port 7009
Only local connections are allowed.
Please see https://chromedriver.chromium.org/security-considerations for suggestions on keeping ChromeDriver safe.
ChromeDriver was started successfully.
[1617056446.355][WARNING]: This version of ChromeDriver has not been tested with Chrome version 89.
mar. 29, 2021 5:20:46 P. M. org.openqa.selenium.remote.ProtocolHandshake createSession
INFORMACIÓN: Detected dialect: W3C
[Test worker] WARN net.thucydides.core.steps.BaseStepListener - stepFinished: current outcome:New user registration:Example: {strFirsName=34, strLastName=Automation Demo Site, strAddress=Juan, strEmailAddress=Carlos, srtPhone=carrera 17a n 36 40, strSkills=adioslave@live.com, strContry=3208581516, srtYear=Implementation, srtDay=Colombia, strPassword=1985, strValidate=10} [Given The user wants to register on the platform [User open up [User opens the Automation demo site page]]]
[Test worker] INFO net.thucydides.core.steps.ConsoleLoggingListener - FINISHING STEP
[Test worker] WARN net.thucydides.core.steps.BaseStepListener - stepFinished: current outcome:New user registration:Example: {strFirsName=34, strLastName=Automation Demo Site, strAddress=Juan, strEmailAddress=Carlos, srtPhone=carrera 17a n 36 40, strSkills=adioslave@live.com, strContry=3208581516, srtYear=Implementation, srtDay=Colombia, strPassword=1985, strValidate=10} [Given The user wants to register on the platform [User open up [User opens the Automation demo site page]]]
[Test worker] INFO net.thucydides.core.steps.ConsoleLoggingListener - FINISHING STEP
[Test worker] WARN net.thucydides.core.steps.BaseStepListener - stepFinished: current outcome:New user registration:Example: {strFirsName=34, strLastName=Automation Demo Site, strAddress=Juan, strEmailAddress=Carlos, srtPhone=carrera 17a n 36 40, strSkills=adioslave@live.com, strContry=3208581516, srtYear=Implementation, srtDay=Colombia, strPassword=1985, strValidate=10} [Given The user wants to register on the platform [User open up [User opens the Automation demo site page]]]
[Test worker] INFO net.thucydides.core.steps.ConsoleLoggingListener - FINISHING STEP
[Test worker] WARN net.thucydides.core.steps.BaseStepListener - stepStarted: net.thucydides.core.steps.ExecutedStepDescription@3e30ae2a
[Test worker] INFO net.thucydides.core.steps.ConsoleLoggingListener - STARTING STEP When register the fields requested by the platform
| strFirsName | strLastName | strAddress | strEmailAddress | srtPhone | strSkills | strContry | srtYear | srtDay | strPassword |
| Juan | Carlos | carrera 17a n 36 40 | adioslave@live.com | 3208581516 | Implementation | Colombia | 1985 | 10 | Password1234 |
[Test worker] WARN net.thucydides.core.steps.BaseStepListener - stepStarted: net.thucydides.core.steps.ExecutedStepDescription@7453c3cc
[Test worker] INFO net.thucydides.core.steps.ConsoleLoggingListener - STARTING STEP User record
[Test worker] WARN net.thucydides.core.steps.BaseStepListener - stepStarted: net.thucydides.core.steps.ExecutedStepDescription@3f428766
[Test worker] INFO net.thucydides.core.steps.ConsoleLoggingListener - STARTING STEP User enters 'Juan' into where do we write the First name
[Test worker] WARN net.thucydides.core.steps.BaseStepListener - stepFinished: current outcome:New user registration:Example: {strFirsName=34, strLastName=Automation Demo Site, strAddress=Juan, strEmailAddress=Carlos, srtPhone=carrera 17a n 36 40, strSkills=adioslave@live.com, strContry=3208581516, srtYear=Implementation, srtDay=Colombia, strPassword=1985, strValidate=10} [Given The user wants to register on the platform [User open up [User opens the Automation demo site page]], When register the fields requested by the platform
| strFirsName | strLastName | strAddress | strEmailAddress | srtPhone | strSkills | strContry | srtYear | srtDay | strPassword |
| Juan | Carlos | carrera 17a n 36 40 | adioslave@live.com | 3208581516 | Implementation | Colombia | 1985 | 10 | Password1234 | [User record [User enters 'Juan' into where do we write the First name]]]
[Test worker] INFO net.thucydides.core.steps.ConsoleLoggingListener - FINISHING STEP
[Test worker] WARN net.thucydides.core.steps.BaseStepListener - stepStarted: net.thucydides.core.steps.ExecutedStepDescription@1d5f6c1f
[Test worker] INFO net.thucydides.core.steps.ConsoleLoggingListener - STARTING STEP User enters 'Carlos' into where do we write the last name
[Test worker] WARN net.thucydides.core.steps.BaseStepListener - stepFinished: current outcome:New user registration:Example: {strFirsName=34, strLastName=Automation Demo Site, strAddress=Juan, strEmailAddress=Carlos, srtPhone=carrera 17a n 36 40, strSkills=adioslave@live.com, strContry=3208581516, srtYear=Implementation, srtDay=Colombia, strPassword=1985, strValidate=10} [Given The user wants to register on the platform [User open up [User opens the Automation demo site page]], When register the fields requested by the platform
| strFirsName | strLastName | strAddress | strEmailAddress | srtPhone | strSkills | strContry | srtYear | srtDay | strPassword |
| Juan | Carlos | carrera 17a n 36 40 | adioslave@live.com | 3208581516 | Implementation | Colombia | 1985 | 10 | Password1234 | [User record [User enters 'Juan' into where do we write the First name, User enters 'Carlos' into where do we write the last name]]]
[Test worker] INFO net.thucydides.core.steps.ConsoleLoggingListener - FINISHING STEP
[Test worker] WARN net.thucydides.core.steps.BaseStepListener - stepStarted: net.thucydides.core.steps.ExecutedStepDescription@6adc7dae
[Test worker] INFO net.thucydides.core.steps.ConsoleLoggingListener - STARTING STEP User enters 'carrera 17a n 36 40' into where do we write the address
[Test worker] WARN net.thucydides.core.steps.BaseStepListener - stepFinished: current outcome:New user registration:Example: {strFirsName=34, strLastName=Automation Demo Site, strAddress=Juan, strEmailAddress=Carlos, srtPhone=carrera 17a n 36 40, strSkills=adioslave@live.com, strContry=3208581516, srtYear=Implementation, srtDay=Colombia, strPassword=1985, strValidate=10} [Given The user wants to register on the platform [User open up [User opens the Automation demo site page]], When register the fields requested by the platform
| strFirsName | strLastName | strAddress | strEmailAddress | srtPhone | strSkills | strContry | srtYear | srtDay | strPassword |
| Juan | Carlos | carrera 17a n 36 40 | adioslave@live.com | 3208581516 | Implementation | Colombia | 1985 | 10 | Password1234 | [User record [User enters 'Juan' into where do we write the First name, User enters 'Carlos' into where do we write the last name, User enters 'carrera 17a n 36 40' into where do we write the address]]]
[Test worker] INFO net.thucydides.core.steps.ConsoleLoggingListener - FINISHING STEP
[Test worker] WARN net.thucydides.core.steps.BaseStepListener - stepStarted: net.thucydides.core.steps.ExecutedStepDescription@1fde4e09
[Test worker] INFO net.thucydides.core.steps.ConsoleLoggingListener - STARTING STEP User enters 'adioslave@live.com' into where we write the email address
[Test worker] WARN net.thucydides.core.steps.BaseStepListener - stepFinished: current outcome:New user registration:Example: {strFirsName=34, strLastName=Automation Demo Site, strAddress=Juan, strEmailAddress=Carlos, srtPhone=carrera 17a n 36 40, strSkills=adioslave@live.com, strContry=3208581516, srtYear=Implementation, srtDay=Colombia, strPassword=1985, strValidate=10} [Given The user wants to register on the platform [User open up [User opens the Automation demo site page]], When register the fields requested by the platform
| strFirsName | strLastName | strAddress | strEmailAddress | srtPhone | strSkills | strContry | srtYear | srtDay | strPassword |
| Juan | Carlos | carrera 17a n 36 40 | adioslave@live.com | 3208581516 | Implementation | Colombia | 1985 | 10 | Password1234 | [User record [User enters 'Juan' into where do we write the First name, User enters 'Carlos' into where do we write the last name, User enters 'carrera 17a n 36 40' into where do we write the address, User enters 'adioslave@live.com' into where we write the email address]]]
[Test worker] INFO net.thucydides.core.steps.ConsoleLoggingListener - FINISHING STEP
[Test worker] WARN net.thucydides.core.steps.BaseStepListener - stepStarted: net.thucydides.core.steps.ExecutedStepDescription@4ce2f338
[Test worker] INFO net.thucydides.core.steps.ConsoleLoggingListener - STARTING STEP User enters '3208581516' into where do we write the phone
[Test worker] WARN net.thucydides.core.steps.BaseStepListener - stepFinished: current outcome:New user registration:Example: {strFirsName=34, strLastName=Automation Demo Site, strAddress=Juan, strEmailAddress=Carlos, srtPhone=carrera 17a n 36 40, strSkills=adioslave@live.com, strContry=3208581516, srtYear=Implementation, srtDay=Colombia, strPassword=1985, strValidate=10} [Given The user wants to register on the platform [User open up [User opens the Automation demo site page]], When register the fields requested by the platform
| strFirsName | strLastName | strAddress | strEmailAddress | srtPhone | strSkills | strContry | srtYear | srtDay | strPassword |
| Juan | Carlos | carrera 17a n 36 40 | adioslave@live.com | 3208581516 | Implementation | Colombia | 1985 | 10 | Password1234 | [User record [User enters 'Juan' into where do we write the First name, User enters 'Carlos' into where do we write the last name, User enters 'carrera 17a n 36 40' into where do we write the address, User enters 'adioslave@live.com' into where we write the email address, User enters '3208581516' into where do we write the phone]]]
[Test worker] INFO net.thucydides.core.steps.ConsoleLoggingListener - FINISHING STEP
[Test worker] WARN net.thucydides.core.steps.BaseStepListener - stepStarted: net.thucydides.core.steps.ExecutedStepDescription@24b2b47a
[Test worker] INFO net.thucydides.core.steps.ConsoleLoggingListener - STARTING STEP User clicks on where we select the genre
[Test worker] WARN net.thucydides.core.steps.BaseStepListener - stepFinished: current outcome:New user registration:Example: {strFirsName=34, strLastName=Automation Demo Site, strAddress=Juan, strEmailAddress=Carlos, srtPhone=carrera 17a n 36 40, strSkills=adioslave@live.com, strContry=3208581516, srtYear=Implementation, srtDay=Colombia, strPassword=1985, strValidate=10} [Given The user wants to register on the platform [User open up [User opens the Automation demo site page]], When register the fields requested by the platform
| strFirsName | strLastName | strAddress | strEmailAddress | srtPhone | strSkills | strContry | srtYear | srtDay | strPassword |
| Juan | Carlos | carrera 17a n 36 40 | adioslave@live.com | 3208581516 | Implementation | Colombia | 1985 | 10 | Password1234 | [User record [User enters 'Juan' into where do we write the First name, User enters 'Carlos' into where do we write the last name, User enters 'carrera 17a n 36 40' into where do we write the address, User enters 'adioslave@live.com' into where we write the email address, User enters '3208581516' into where do we write the phone, User clicks on where we select the genre]]]
[Test worker] INFO net.thucydides.core.steps.ConsoleLoggingListener - FINISHING STEP
[Test worker] WARN net.thucydides.core.steps.BaseStepListener - stepStarted: net.thucydides.core.steps.ExecutedStepDescription@6bb9efbf
[Test worker] INFO net.thucydides.core.steps.ConsoleLoggingListener - STARTING STEP User clicks on where we select the hobbies
[Test worker] WARN net.thucydides.core.steps.BaseStepListener - stepFinished: current outcome:New user registration:Example: {strFirsName=34, strLastName=Automation Demo Site, strAddress=Juan, strEmailAddress=Carlos, srtPhone=carrera 17a n 36 40, strSkills=adioslave@live.com, strContry=3208581516, srtYear=Implementation, srtDay=Colombia, strPassword=1985, strValidate=10} [Given The user wants to register on the platform [User open up [User opens the Automation demo site page]], When register the fields requested by the platform
| strFirsName | strLastName | strAddress | strEmailAddress | srtPhone | strSkills | strContry | srtYear | srtDay | strPassword |
| Juan | Carlos | carrera 17a n 36 40 | adioslave@live.com | 3208581516 | Implementation | Colombia | 1985 | 10 | Password1234 | [User record [User enters 'Juan' into where do we write the First name, User enters 'Carlos' into where do we write the last name, User enters 'carrera 17a n 36 40' into where do we write the address, User enters 'adioslave@live.com' into where we write the email address, User enters '3208581516' into where do we write the phone, User clicks on where we select the genre, User clicks on where we select the hobbies]]]
[Test worker] INFO net.thucydides.core.steps.ConsoleLoggingListener - FINISHING STEP
[Test worker] WARN net.thucydides.core.steps.BaseStepListener - stepStarted: net.thucydides.core.steps.ExecutedStepDescription@2aaacc1f
[Test worker] INFO net.thucydides.core.steps.ConsoleLoggingListener - STARTING STEP User clicks on 
[Test worker] WARN net.thucydides.core.steps.BaseStepListener - stepFinished: current outcome:New user registration:Example: {strFirsName=34, strLastName=Automation Demo Site, strAddress=Juan, strEmailAddress=Carlos, srtPhone=carrera 17a n 36 40, strSkills=adioslave@live.com, strContry=3208581516, srtYear=Implementation, srtDay=Colombia, strPassword=1985, strValidate=10} [Given The user wants to register on the platform [User open up [User opens the Automation demo site page]], When register the fields requested by the platform
| strFirsName | strLastName | strAddress | strEmailAddress | srtPhone | strSkills | strContry | srtYear | srtDay | strPassword |
| Juan | Carlos | carrera 17a n 36 40 | adioslave@live.com | 3208581516 | Implementation | Colombia | 1985 | 10 | Password1234 | [User record [User enters 'Juan' into where do we write the First name, User enters 'Carlos' into where do we write the last name, User enters 'carrera 17a n 36 40' into where do we write the address, User enters 'adioslave@live.com' into where we write the email address, User enters '3208581516' into where do we write the phone, User clicks on where we select the genre, User clicks on where we select the hobbies, User clicks on ]]]
[Test worker] INFO net.thucydides.core.steps.ConsoleLoggingListener - FINISHING STEP
[Test worker] WARN net.thucydides.core.steps.BaseStepListener - stepStarted: net.thucydides.core.steps.ExecutedStepDescription@34373401
[Test worker] INFO net.thucydides.core.steps.ConsoleLoggingListener - STARTING STEP User clicks on 
[Test worker] WARN net.thucydides.core.steps.BaseStepListener - stepFinished: current outcome:New user registration:Example: {strFirsName=34, strLastName=Automation Demo Site, strAddress=Juan, strEmailAddress=Carlos, srtPhone=carrera 17a n 36 40, strSkills=adioslave@live.com, strContry=3208581516, srtYear=Implementation, srtDay=Colombia, strPassword=1985, strValidate=10} [Given The user wants to register on the platform [User open up [User opens the Automation demo site page]], When register the fields requested by the platform
| strFirsName | strLastName | strAddress | strEmailAddress | srtPhone | strSkills | strContry | srtYear | srtDay | strPassword |
| Juan | Carlos | carrera 17a n 36 40 | adioslave@live.com | 3208581516 | Implementation | Colombia | 1985 | 10 | Password1234 | [User record [User enters 'Juan' into where do we write the First name, User enters 'Carlos' into where do we write the last name, User enters 'carrera 17a n 36 40' into where do we write the address, User enters 'adioslave@live.com' into where we write the email address, User enters '3208581516' into where do we write the phone, User clicks on where we select the genre, User clicks on where we select the hobbies, User clicks on , User clicks on ]]]
[Test worker] INFO net.thucydides.core.steps.ConsoleLoggingListener - FINISHING STEP
[Test worker] WARN net.thucydides.core.steps.BaseStepListener - stepStarted: net.thucydides.core.steps.ExecutedStepDescription@35b75856
[Test worker] INFO net.thucydides.core.steps.ConsoleLoggingListener - STARTING STEP User select Implementation on where we select the skills
[Test worker] WARN net.thucydides.core.steps.BaseStepListener - stepFinished: current outcome:New user registration:Example: {strFirsName=34, strLastName=Automation Demo Site, strAddress=Juan, strEmailAddress=Carlos, srtPhone=carrera 17a n 36 40, strSkills=adioslave@live.com, strContry=3208581516, srtYear=Implementation, srtDay=Colombia, strPassword=1985, strValidate=10} [Given The user wants to register on the platform [User open up [User opens the Automation demo site page]], When register the fields requested by the platform
| strFirsName | strLastName | strAddress | strEmailAddress | srtPhone | strSkills | strContry | srtYear | srtDay | strPassword |
| Juan | Carlos | carrera 17a n 36 40 | adioslave@live.com | 3208581516 | Implementation | Colombia | 1985 | 10 | Password1234 | [User record [User enters 'Juan' into where do we write the First name, User enters 'Carlos' into where do we write the last name, User enters 'carrera 17a n 36 40' into where do we write the address, User enters 'adioslave@live.com' into where we write the email address, User enters '3208581516' into where do we write the phone, User clicks on where we select the genre, User clicks on where we select the hobbies, User clicks on , User clicks on , User select Implementation on where we select the skills]]]
[Test worker] INFO net.thucydides.core.steps.ConsoleLoggingListener - FINISHING STEP
[Test worker] WARN net.thucydides.core.steps.BaseStepListener - stepStarted: net.thucydides.core.steps.ExecutedStepDescription@723649e2
[Test worker] INFO net.thucydides.core.steps.ConsoleLoggingListener - STARTING STEP User select Colombia on where we select the country
[Test worker] WARN net.thucydides.core.steps.BaseStepListener - stepFinished: current outcome:New user registration:Example: {strFirsName=34, strLastName=Automation Demo Site, strAddress=Juan, strEmailAddress=Carlos, srtPhone=carrera 17a n 36 40, strSkills=adioslave@live.com, strContry=3208581516, srtYear=Implementation, srtDay=Colombia, strPassword=1985, strValidate=10} [Given The user wants to register on the platform [User open up [User opens the Automation demo site page]], When register the fields requested by the platform
| strFirsName | strLastName | strAddress | strEmailAddress | srtPhone | strSkills | strContry | srtYear | srtDay | strPassword |
| Juan | Carlos | carrera 17a n 36 40 | adioslave@live.com | 3208581516 | Implementation | Colombia | 1985 | 10 | Password1234 | [User record [User enters 'Juan' into where do we write the First name, User enters 'Carlos' into where do we write the last name, User enters 'carrera 17a n 36 40' into where do we write the address, User enters 'adioslave@live.com' into where we write the email address, User enters '3208581516' into where do we write the phone, User clicks on where we select the genre, User clicks on where we select the hobbies, User clicks on , User clicks on , User select Implementation on where we select the skills, User select Colombia on where we select the country]]]
[Test worker] INFO net.thucydides.core.steps.ConsoleLoggingListener - FINISHING STEP
[Test worker] WARN net.thucydides.core.steps.BaseStepListener - stepStarted: net.thucydides.core.steps.ExecutedStepDescription@4b0904a3
[Test worker] INFO net.thucydides.core.steps.ConsoleLoggingListener - STARTING STEP User clicks on where we select the city
[Test worker] WARN net.thucydides.core.steps.BaseStepListener - stepFinished: current outcome:New user registration:Example: {strFirsName=34, strLastName=Automation Demo Site, strAddress=Juan, strEmailAddress=Carlos, srtPhone=carrera 17a n 36 40, strSkills=adioslave@live.com, strContry=3208581516, srtYear=Implementation, srtDay=Colombia, strPassword=1985, strValidate=10} [Given The user wants to register on the platform [User open up [User opens the Automation demo site page]], When register the fields requested by the platform
| strFirsName | strLastName | strAddress | strEmailAddress | srtPhone | strSkills | strContry | srtYear | srtDay | strPassword |
| Juan | Carlos | carrera 17a n 36 40 | adioslave@live.com | 3208581516 | Implementation | Colombia | 1985 | 10 | Password1234 | [User record [User enters 'Juan' into where do we write the First name, User enters 'Carlos' into where do we write the last name, User enters 'carrera 17a n 36 40' into where do we write the address, User enters 'adioslave@live.com' into where we write the email address, User enters '3208581516' into where do we write the phone, User clicks on where we select the genre, User clicks on where we select the hobbies, User clicks on , User clicks on , User select Implementation on where we select the skills, User select Colombia on where we select the country, User clicks on where we select the city]]]
[Test worker] INFO net.thucydides.core.steps.ConsoleLoggingListener - FINISHING STEP
[Test worker] WARN net.thucydides.core.steps.BaseStepListener - stepStarted: net.thucydides.core.steps.ExecutedStepDescription@5448d626
[Test worker] INFO net.thucydides.core.steps.ConsoleLoggingListener - STARTING STEP User clicks on where we select the city
[Test worker] WARN net.thucydides.core.steps.BaseStepListener - stepFinished: current outcome:New user registration:Example: {strFirsName=34, strLastName=Automation Demo Site, strAddress=Juan, strEmailAddress=Carlos, srtPhone=carrera 17a n 36 40, strSkills=adioslave@live.com, strContry=3208581516, srtYear=Implementation, srtDay=Colombia, strPassword=1985, strValidate=10} [Given The user wants to register on the platform [User open up [User opens the Automation demo site page]], When register the fields requested by the platform
| strFirsName | strLastName | strAddress | strEmailAddress | srtPhone | strSkills | strContry | srtYear | srtDay | strPassword |
| Juan | Carlos | carrera 17a n 36 40 | adioslave@live.com | 3208581516 | Implementation | Colombia | 1985 | 10 | Password1234 | [User record [User enters 'Juan' into where do we write the First name, User enters 'Carlos' into where do we write the last name, User enters 'carrera 17a n 36 40' into where do we write the address, User enters 'adioslave@live.com' into where we write the email address, User enters '3208581516' into where do we write the phone, User clicks on where we select the genre, User clicks on where we select the hobbies, User clicks on , User clicks on , User select Implementation on where we select the skills, User select Colombia on where we select the country, User clicks on where we select the city, User clicks on where we select the city]]]
[Test worker] INFO net.thucydides.core.steps.ConsoleLoggingListener - FINISHING STEP
[Test worker] WARN net.thucydides.core.steps.BaseStepListener - stepStarted: net.thucydides.core.steps.ExecutedStepDescription@4d32843a
[Test worker] INFO net.thucydides.core.steps.ConsoleLoggingListener - STARTING STEP User select 1985 on where we select the date of birth (year)
[Test worker] WARN net.thucydides.core.steps.BaseStepListener - stepFinished: current outcome:New user registration:Example: {strFirsName=34, strLastName=Automation Demo Site, strAddress=Juan, strEmailAddress=Carlos, srtPhone=carrera 17a n 36 40, strSkills=adioslave@live.com, strContry=3208581516, srtYear=Implementation, srtDay=Colombia, strPassword=1985, strValidate=10} [Given The user wants to register on the platform [User open up [User opens the Automation demo site page]], When register the fields requested by the platform
| strFirsName | strLastName | strAddress | strEmailAddress | srtPhone | strSkills | strContry | srtYear | srtDay | strPassword |
| Juan | Carlos | carrera 17a n 36 40 | adioslave@live.com | 3208581516 | Implementation | Colombia | 1985 | 10 | Password1234 | [User record [User enters 'Juan' into where do we write the First name, User enters 'Carlos' into where do we write the last name, User enters 'carrera 17a n 36 40' into where do we write the address, User enters 'adioslave@live.com' into where we write the email address, User enters '3208581516' into where do we write the phone, User clicks on where we select the genre, User clicks on where we select the hobbies, User clicks on , User clicks on , User select Implementation on where we select the skills, User select Colombia on where we select the country, User clicks on where we select the city, User clicks on where we select the city, User select 1985 on where we select the date of birth (year)]]]
[Test worker] INFO net.thucydides.core.steps.ConsoleLoggingListener - FINISHING STEP
[Test worker] WARN net.thucydides.core.steps.BaseStepListener - stepStarted: net.thucydides.core.steps.ExecutedStepDescription@6e2fd3b8
[Test worker] INFO net.thucydides.core.steps.ConsoleLoggingListener - STARTING STEP User clicks on where we select the date of birth (month)
[Test worker] WARN net.thucydides.core.steps.BaseStepListener - stepFinished: current outcome:New user registration:Example: {strFirsName=34, strLastName=Automation Demo Site, strAddress=Juan, strEmailAddress=Carlos, srtPhone=carrera 17a n 36 40, strSkills=adioslave@live.com, strContry=3208581516, srtYear=Implementation, srtDay=Colombia, strPassword=1985, strValidate=10} [Given The user wants to register on the platform [User open up [User opens the Automation demo site page]], When register the fields requested by the platform
| strFirsName | strLastName | strAddress | strEmailAddress | srtPhone | strSkills | strContry | srtYear | srtDay | strPassword |
| Juan | Carlos | carrera 17a n 36 40 | adioslave@live.com | 3208581516 | Implementation | Colombia | 1985 | 10 | Password1234 | [User record [User enters 'Juan' into where do we write the First name, User enters 'Carlos' into where do we write the last name, User enters 'carrera 17a n 36 40' into where do we write the address, User enters 'adioslave@live.com' into where we write the email address, User enters '3208581516' into where do we write the phone, User clicks on where we select the genre, User clicks on where we select the hobbies, User clicks on , User clicks on , User select Implementation on where we select the skills, User select Colombia on where we select the country, User clicks on where we select the city, User clicks on where we select the city, User select 1985 on where we select the date of birth (year), User clicks on where we select the date of birth (month)]]]
[Test worker] INFO net.thucydides.core.steps.ConsoleLoggingListener - FINISHING STEP
[Test worker] WARN net.thucydides.core.steps.BaseStepListener - stepStarted: net.thucydides.core.steps.ExecutedStepDescription@72a451ac
[Test worker] INFO net.thucydides.core.steps.ConsoleLoggingListener - STARTING STEP User clicks on where we select the date of birth (month)
[Test worker] WARN net.thucydides.core.steps.BaseStepListener - stepFinished: current outcome:New user registration:Example: {strFirsName=34, strLastName=Automation Demo Site, strAddress=Juan, strEmailAddress=Carlos, srtPhone=carrera 17a n 36 40, strSkills=adioslave@live.com, strContry=3208581516, srtYear=Implementation, srtDay=Colombia, strPassword=1985, strValidate=10} [Given The user wants to register on the platform [User open up [User opens the Automation demo site page]], When register the fields requested by the platform
| strFirsName | strLastName | strAddress | strEmailAddress | srtPhone | strSkills | strContry | srtYear | srtDay | strPassword |
| Juan | Carlos | carrera 17a n 36 40 | adioslave@live.com | 3208581516 | Implementation | Colombia | 1985 | 10 | Password1234 | [User record [User enters 'Juan' into where do we write the First name, User enters 'Carlos' into where do we write the last name, User enters 'carrera 17a n 36 40' into where do we write the address, User enters 'adioslave@live.com' into where we write the email address, User enters '3208581516' into where do we write the phone, User clicks on where we select the genre, User clicks on where we select the hobbies, User clicks on , User clicks on , User select Implementation on where we select the skills, User select Colombia on where we select the country, User clicks on where we select the city, User clicks on where we select the city, User select 1985 on where we select the date of birth (year), User clicks on where we select the date of birth (month), User clicks on where we select the date of birth (month)]]]
[Test worker] INFO net.thucydides.core.steps.ConsoleLoggingListener - FINISHING STEP
[Test worker] WARN net.thucydides.core.steps.BaseStepListener - stepStarted: net.thucydides.core.steps.ExecutedStepDescription@45046479
[Test worker] INFO net.thucydides.core.steps.ConsoleLoggingListener - STARTING STEP User select 10 on where we select the date of birth (day)
[Test worker] WARN net.thucydides.core.steps.BaseStepListener - stepFinished: current outcome:New user registration:Example: {strFirsName=34, strLastName=Automation Demo Site, strAddress=Juan, strEmailAddress=Carlos, srtPhone=carrera 17a n 36 40, strSkills=adioslave@live.com, strContry=3208581516, srtYear=Implementation, srtDay=Colombia, strPassword=1985, strValidate=10} [Given The user wants to register on the platform [User open up [User opens the Automation demo site page]], When register the fields requested by the platform
| strFirsName | strLastName | strAddress | strEmailAddress | srtPhone | strSkills | strContry | srtYear | srtDay | strPassword |
| Juan | Carlos | carrera 17a n 36 40 | adioslave@live.com | 3208581516 | Implementation | Colombia | 1985 | 10 | Password1234 | [User record [User enters 'Juan' into where do we write the First name, User enters 'Carlos' into where do we write the last name, User enters 'carrera 17a n 36 40' into where do we write the address, User enters 'adioslave@live.com' into where we write the email address, User enters '3208581516' into where do we write the phone, User clicks on where we select the genre, User clicks on where we select the hobbies, User clicks on , User clicks on , User select Implementation on where we select the skills, User select Colombia on where we select the country, User clicks on where we select the city, User clicks on where we select the city, User select 1985 on where we select the date of birth (year), User clicks on where we select the date of birth (month), User clicks on where we select the date of birth (month), User select 10 on where we select the date of birth (day)]]]
[Test worker] INFO net.thucydides.core.steps.ConsoleLoggingListener - FINISHING STEP
[Test worker] WARN net.thucydides.core.steps.BaseStepListener - stepStarted: net.thucydides.core.steps.ExecutedStepDescription@5ef0972b
[Test worker] INFO net.thucydides.core.steps.ConsoleLoggingListener - STARTING STEP User enters 'Password1234' into where we assign the password
[Test worker] WARN net.thucydides.core.steps.BaseStepListener - stepFinished: current outcome:New user registration:Example: {strFirsName=34, strLastName=Automation Demo Site, strAddress=Juan, strEmailAddress=Carlos, srtPhone=carrera 17a n 36 40, strSkills=adioslave@live.com, strContry=3208581516, srtYear=Implementation, srtDay=Colombia, strPassword=1985, strValidate=10} [Given The user wants to register on the platform [User open up [User opens the Automation demo site page]], When register the fields requested by the platform
| strFirsName | strLastName | strAddress | strEmailAddress | srtPhone | strSkills | strContry | srtYear | srtDay | strPassword |
| Juan | Carlos | carrera 17a n 36 40 | adioslave@live.com | 3208581516 | Implementation | Colombia | 1985 | 10 | Password1234 | [User record [User enters 'Juan' into where do we write the First name, User enters 'Carlos' into where do we write the last name, User enters 'carrera 17a n 36 40' into where do we write the address, User enters 'adioslave@live.com' into where we write the email address, User enters '3208581516' into where do we write the phone, User clicks on where we select the genre, User clicks on where we select the hobbies, User clicks on , User clicks on , User select Implementation on where we select the skills, User select Colombia on where we select the country, User clicks on where we select the city, User clicks on where we select the city, User select 1985 on where we select the date of birth (year), User clicks on where we select the date of birth (month), User clicks on where we select the date of birth (month), User select 10 on where we select the date of birth (day), User enters 'Password1234' into where we assign the password]]]
[Test worker] INFO net.thucydides.core.steps.ConsoleLoggingListener - FINISHING STEP
[Test worker] WARN net.thucydides.core.steps.BaseStepListener - stepStarted: net.thucydides.core.steps.ExecutedStepDescription@72b37bfa
[Test worker] INFO net.thucydides.core.steps.ConsoleLoggingListener - STARTING STEP User enters 'Password1234' into where we confirm the password
[Test worker] WARN net.thucydides.core.steps.BaseStepListener - stepFinished: current outcome:New user registration:Example: {strFirsName=34, strLastName=Automation Demo Site, strAddress=Juan, strEmailAddress=Carlos, srtPhone=carrera 17a n 36 40, strSkills=adioslave@live.com, strContry=3208581516, srtYear=Implementation, srtDay=Colombia, strPassword=1985, strValidate=10} [Given The user wants to register on the platform [User open up [User opens the Automation demo site page]], When register the fields requested by the platform
| strFirsName | strLastName | strAddress | strEmailAddress | srtPhone | strSkills | strContry | srtYear | srtDay | strPassword |
| Juan | Carlos | carrera 17a n 36 40 | adioslave@live.com | 3208581516 | Implementation | Colombia | 1985 | 10 | Password1234 | [User record [User enters 'Juan' into where do we write the First name, User enters 'Carlos' into where do we write the last name, User enters 'carrera 17a n 36 40' into where do we write the address, User enters 'adioslave@live.com' into where we write the email address, User enters '3208581516' into where do we write the phone, User clicks on where we select the genre, User clicks on where we select the hobbies, User clicks on , User clicks on , User select Implementation on where we select the skills, User select Colombia on where we select the country, User clicks on where we select the city, User clicks on where we select the city, User select 1985 on where we select the date of birth (year), User clicks on where we select the date of birth (month), User clicks on where we select the date of birth (month), User select 10 on where we select the date of birth (day), User enters 'Password1234' into where we assign the password, User enters 'Password1234' into where we confirm the password]]]
[Test worker] INFO net.thucydides.core.steps.ConsoleLoggingListener - FINISHING STEP
[Test worker] WARN net.thucydides.core.steps.BaseStepListener - stepStarted: net.thucydides.core.steps.ExecutedStepDescription@11d174a1
[Test worker] INFO net.thucydides.core.steps.ConsoleLoggingListener - STARTING STEP User clicks on where we send the record
[Test worker] WARN net.thucydides.core.steps.BaseStepListener - stepFinished: current outcome:New user registration:Example: {strFirsName=34, strLastName=Automation Demo Site, strAddress=Juan, strEmailAddress=Carlos, srtPhone=carrera 17a n 36 40, strSkills=adioslave@live.com, strContry=3208581516, srtYear=Implementation, srtDay=Colombia, strPassword=1985, strValidate=10} [Given The user wants to register on the platform [User open up [User opens the Automation demo site page]], When register the fields requested by the platform
| strFirsName | strLastName | strAddress | strEmailAddress | srtPhone | strSkills | strContry | srtYear | srtDay | strPassword |
| Juan | Carlos | carrera 17a n 36 40 | adioslave@live.com | 3208581516 | Implementation | Colombia | 1985 | 10 | Password1234 | [User record [User enters 'Juan' into where do we write the First name, User enters 'Carlos' into where do we write the last name, User enters 'carrera 17a n 36 40' into where do we write the address, User enters 'adioslave@live.com' into where we write the email address, User enters '3208581516' into where do we write the phone, User clicks on where we select the genre, User clicks on where we select the hobbies, User clicks on , User clicks on , User select Implementation on where we select the skills, User select Colombia on where we select the country, User clicks on where we select the city, User clicks on where we select the city, User select 1985 on where we select the date of birth (year), User clicks on where we select the date of birth (month), User clicks on where we select the date of birth (month), User select 10 on where we select the date of birth (day), User enters 'Password1234' into where we assign the password, User enters 'Password1234' into where we confirm the password, User clicks on where we send the record]]]
[Test worker] INFO net.thucydides.core.steps.ConsoleLoggingListener - FINISHING STEP
[Test worker] WARN net.thucydides.core.steps.BaseStepListener - stepFinished: current outcome:New user registration:Example: {strFirsName=34, strLastName=Automation Demo Site, strAddress=Juan, strEmailAddress=Carlos, srtPhone=carrera 17a n 36 40, strSkills=adioslave@live.com, strContry=3208581516, srtYear=Implementation, srtDay=Colombia, strPassword=1985, strValidate=10} [Given The user wants to register on the platform [User open up [User opens the Automation demo site page]], When register the fields requested by the platform
| strFirsName | strLastName | strAddress | strEmailAddress | srtPhone | strSkills | strContry | srtYear | srtDay | strPassword |
| Juan | Carlos | carrera 17a n 36 40 | adioslave@live.com | 3208581516 | Implementation | Colombia | 1985 | 10 | Password1234 | [User record [User enters 'Juan' into where do we write the First name, User enters 'Carlos' into where do we write the last name, User enters 'carrera 17a n 36 40' into where do we write the address, User enters 'adioslave@live.com' into where we write the email address, User enters '3208581516' into where do we write the phone, User clicks on where we select the genre, User clicks on where we select the hobbies, User clicks on , User clicks on , User select Implementation on where we select the skills, User select Colombia on where we select the country, User clicks on where we select the city, User clicks on where we select the city, User select 1985 on where we select the date of birth (year), User clicks on where we select the date of birth (month), User clicks on where we select the date of birth (month), User select 10 on where we select the date of birth (day), User enters 'Password1234' into where we assign the password, User enters 'Password1234' into where we confirm the password, User clicks on where we send the record]]]
[Test worker] INFO net.thucydides.core.steps.ConsoleLoggingListener - FINISHING STEP
[Test worker] WARN net.thucydides.core.steps.BaseStepListener - stepFinished: current outcome:New user registration:Example: {strFirsName=34, strLastName=Automation Demo Site, strAddress=Juan, strEmailAddress=Carlos, srtPhone=carrera 17a n 36 40, strSkills=adioslave@live.com, strContry=3208581516, srtYear=Implementation, srtDay=Colombia, strPassword=1985, strValidate=10} [Given The user wants to register on the platform [User open up [User opens the Automation demo site page]], When register the fields requested by the platform
| strFirsName | strLastName | strAddress | strEmailAddress | srtPhone | strSkills | strContry | srtYear | srtDay | strPassword |
| Juan | Carlos | carrera 17a n 36 40 | adioslave@live.com | 3208581516 | Implementation | Colombia | 1985 | 10 | Password1234 | [User record [User enters 'Juan' into where do we write the First name, User enters 'Carlos' into where do we write the last name, User enters 'carrera 17a n 36 40' into where do we write the address, User enters 'adioslave@live.com' into where we write the email address, User enters '3208581516' into where do we write the phone, User clicks on where we select the genre, User clicks on where we select the hobbies, User clicks on , User clicks on , User select Implementation on where we select the skills, User select Colombia on where we select the country, User clicks on where we select the city, User clicks on where we select the city, User select 1985 on where we select the date of birth (year), User clicks on where we select the date of birth (month), User clicks on where we select the date of birth (month), User select 10 on where we select the date of birth (day), User enters 'Password1234' into where we assign the password, User enters 'Password1234' into where we confirm the password, User clicks on where we send the record]]]
[Test worker] INFO net.thucydides.core.steps.ConsoleLoggingListener - FINISHING STEP
[Test worker] WARN net.thucydides.core.steps.BaseStepListener - stepStarted: net.thucydides.core.steps.ExecutedStepDescription@2b89c36a
[Test worker] INFO net.thucydides.core.steps.ConsoleLoggingListener - STARTING STEP Then register successfully
| strValidate |
| Automation Demo Site |
[Test worker] WARN net.thucydides.core.steps.BaseStepListener - stepStarted: net.thucydides.core.steps.ExecutedStepDescription@64068c21
[Test worker] INFO net.thucydides.core.steps.ConsoleLoggingListener - STARTING STEP Then answer
[Test worker] WARN net.thucydides.core.steps.BaseStepListener - stepFinished: current outcome:New user registration:Example: {strFirsName=34, strLastName=Automation Demo Site, strAddress=Juan, strEmailAddress=Carlos, srtPhone=carrera 17a n 36 40, strSkills=adioslave@live.com, strContry=3208581516, srtYear=Implementation, srtDay=Colombia, strPassword=1985, strValidate=10} [Given The user wants to register on the platform [User open up [User opens the Automation demo site page]], When register the fields requested by the platform
| strFirsName | strLastName | strAddress | strEmailAddress | srtPhone | strSkills | strContry | srtYear | srtDay | strPassword |
| Juan | Carlos | carrera 17a n 36 40 | adioslave@live.com | 3208581516 | Implementation | Colombia | 1985 | 10 | Password1234 | [User record [User enters 'Juan' into where do we write the First name, User enters 'Carlos' into where do we write the last name, User enters 'carrera 17a n 36 40' into where do we write the address, User enters 'adioslave@live.com' into where we write the email address, User enters '3208581516' into where do we write the phone, User clicks on where we select the genre, User clicks on where we select the hobbies, User clicks on , User clicks on , User select Implementation on where we select the skills, User select Colombia on where we select the country, User clicks on where we select the city, User clicks on where we select the city, User select 1985 on where we select the date of birth (year), User clicks on where we select the date of birth (month), User clicks on where we select the date of birth (month), User select 10 on where we select the date of birth (day), User enters 'Password1234' into where we assign the password, User enters 'Password1234' into where we confirm the password, User clicks on where we send the record]], Then register successfully
| strValidate |
| Automation Demo Site | [Then answer]]
[Test worker] INFO net.thucydides.core.steps.ConsoleLoggingListener - FINISHING STEP
[Test worker] WARN net.thucydides.core.steps.BaseStepListener - stepFinished: current outcome:New user registration:Example: {strFirsName=34, strLastName=Automation Demo Site, strAddress=Juan, strEmailAddress=Carlos, srtPhone=carrera 17a n 36 40, strSkills=adioslave@live.com, strContry=3208581516, srtYear=Implementation, srtDay=Colombia, strPassword=1985, strValidate=10} [Given The user wants to register on the platform [User open up [User opens the Automation demo site page]], When register the fields requested by the platform
| strFirsName | strLastName | strAddress | strEmailAddress | srtPhone | strSkills | strContry | srtYear | srtDay | strPassword |
| Juan | Carlos | carrera 17a n 36 40 | adioslave@live.com | 3208581516 | Implementation | Colombia | 1985 | 10 | Password1234 | [User record [User enters 'Juan' into where do we write the First name, User enters 'Carlos' into where do we write the last name, User enters 'carrera 17a n 36 40' into where do we write the address, User enters 'adioslave@live.com' into where we write the email address, User enters '3208581516' into where do we write the phone, User clicks on where we select the genre, User clicks on where we select the hobbies, User clicks on , User clicks on , User select Implementation on where we select the skills, User select Colombia on where we select the country, User clicks on where we select the city, User clicks on where we select the city, User select 1985 on where we select the date of birth (year), User clicks on where we select the date of birth (month), User clicks on where we select the date of birth (month), User select 10 on where we select the date of birth (day), User enters 'Password1234' into where we assign the password, User enters 'Password1234' into where we confirm the password, User clicks on where we send the record]], Then register successfully
| strValidate |
| Automation Demo Site | [Then answer]]
[Test worker] INFO net.thucydides.core.steps.ConsoleLoggingListener - FINISHING STEP
[Test worker] WARN net.thucydides.core.steps.BaseStepListener - stepFinished: current outcome:New user registration:Example: {strFirsName=34, strLastName=Automation Demo Site, strAddress=Juan, strEmailAddress=Carlos, srtPhone=carrera 17a n 36 40, strSkills=adioslave@live.com, strContry=3208581516, srtYear=Implementation, srtDay=Colombia, strPassword=1985, strValidate=10} [Given The user wants to register on the platform [User open up [User opens the Automation demo site page]], When register the fields requested by the platform
| strFirsName | strLastName | strAddress | strEmailAddress | srtPhone | strSkills | strContry | srtYear | srtDay | strPassword |
| Juan | Carlos | carrera 17a n 36 40 | adioslave@live.com | 3208581516 | Implementation | Colombia | 1985 | 10 | Password1234 | [User record [User enters 'Juan' into where do we write the First name, User enters 'Carlos' into where do we write the last name, User enters 'carrera 17a n 36 40' into where do we write the address, User enters 'adioslave@live.com' into where we write the email address, User enters '3208581516' into where do we write the phone, User clicks on where we select the genre, User clicks on where we select the hobbies, User clicks on , User clicks on , User select Implementation on where we select the skills, User select Colombia on where we select the country, User clicks on where we select the city, User clicks on where we select the city, User select 1985 on where we select the date of birth (year), User clicks on where we select the date of birth (month), User clicks on where we select the date of birth (month), User select 10 on where we select the date of birth (day), User enters 'Password1234' into where we assign the password, User enters 'Password1234' into where we confirm the password, User clicks on where we send the record]], Then register successfully
| strValidate |
| Automation Demo Site | [Then answer]]
[Test worker] INFO net.thucydides.core.steps.ConsoleLoggingListener - FINISHING STEP
[Test worker] WARN net.thucydides.core.steps.BaseStepListener - testFinished: New user registration:Example: {strFirsName=34, strLastName=Automation Demo Site, strAddress=Juan, strEmailAddress=Carlos, srtPhone=carrera 17a n 36 40, strSkills=adioslave@live.com, strContry=3208581516, srtYear=Implementation, srtDay=Colombia, strPassword=1985, strValidate=10} [Given The user wants to register on the platform [User open up [User opens the Automation demo site page]], When register the fields requested by the platform
| strFirsName | strLastName | strAddress | strEmailAddress | srtPhone | strSkills | strContry | srtYear | srtDay | strPassword |
| Juan | Carlos | carrera 17a n 36 40 | adioslave@live.com | 3208581516 | Implementation | Colombia | 1985 | 10 | Password1234 | [User record [User enters 'Juan' into where do we write the First name, User enters 'Carlos' into where do we write the last name, User enters 'carrera 17a n 36 40' into where do we write the address, User enters 'adioslave@live.com' into where we write the email address, User enters '3208581516' into where do we write the phone, User clicks on where we select the genre, User clicks on where we select the hobbies, User clicks on , User clicks on , User select Implementation on where we select the skills, User select Colombia on where we select the country, User clicks on where we select the city, User clicks on where we select the city, User select 1985 on where we select the date of birth (year), User clicks on where we select the date of birth (month), User clicks on where we select the date of birth (month), User select 10 on where we select the date of birth (day), User enters 'Password1234' into where we assign the password, User enters 'Password1234' into where we confirm the password, User clicks on where we send the record]], Then register successfully
| strValidate |
| Automation Demo Site | [Then answer]]
[Test worker] WARN net.thucydides.core.steps.BaseStepListener - TestOutcomes: [New user registration:Example: {strFirsName=34, strLastName=Automation Demo Site, strAddress=Juan, strEmailAddress=Carlos, srtPhone=carrera 17a n 36 40, strSkills=adioslave@live.com, strContry=3208581516, srtYear=Implementation, srtDay=Colombia, strPassword=1985, strValidate=10} [Given The user wants to register on the platform [User open up [User opens the Automation demo site page]], When register the fields requested by the platform
| strFirsName | strLastName | strAddress | strEmailAddress | srtPhone | strSkills | strContry | srtYear | srtDay | strPassword |
| Juan | Carlos | carrera 17a n 36 40 | adioslave@live.com | 3208581516 | Implementation | Colombia | 1985 | 10 | Password1234 | [User record [User enters 'Juan' into where do we write the First name, User enters 'Carlos' into where do we write the last name, User enters 'carrera 17a n 36 40' into where do we write the address, User enters 'adioslave@live.com' into where we write the email address, User enters '3208581516' into where do we write the phone, User clicks on where we select the genre, User clicks on where we select the hobbies, User clicks on , User clicks on , User select Implementation on where we select the skills, User select Colombia on where we select the country, User clicks on where we select the city, User clicks on where we select the city, User select 1985 on where we select the date of birth (year), User clicks on where we select the date of birth (month), User clicks on where we select the date of birth (month), User select 10 on where we select the date of birth (day), User enters 'Password1234' into where we assign the password, User enters 'Password1234' into where we confirm the password, User clicks on where we send the record]], Then register successfully
| strValidate |
| Automation Demo Site | [Then answer]]]
[Test worker] WARN net.thucydides.core.steps.BaseStepListener - Final testOutcomes: [New user registration:Example: {strFirsName=34, strLastName=Automation Demo Site, strAddress=Juan, strEmailAddress=Carlos, srtPhone=carrera 17a n 36 40, strSkills=adioslave@live.com, strContry=3208581516, srtYear=Implementation, srtDay=Colombia, strPassword=1985, strValidate=10} [Given The user wants to register on the platform [User open up [User opens the Automation demo site page]], When register the fields requested by the platform
| strFirsName | strLastName | strAddress | strEmailAddress | srtPhone | strSkills | strContry | srtYear | srtDay | strPassword |
| Juan | Carlos | carrera 17a n 36 40 | adioslave@live.com | 3208581516 | Implementation | Colombia | 1985 | 10 | Password1234 | [User record [User enters 'Juan' into where do we write the First name, User enters 'Carlos' into where do we write the last name, User enters 'carrera 17a n 36 40' into where do we write the address, User enters 'adioslave@live.com' into where we write the email address, User enters '3208581516' into where do we write the phone, User clicks on where we select the genre, User clicks on where we select the hobbies, User clicks on , User clicks on , User select Implementation on where we select the skills, User select Colombia on where we select the country, User clicks on where we select the city, User clicks on where we select the city, User select 1985 on where we select the date of birth (year), User clicks on where we select the date of birth (month), User clicks on where we select the date of birth (month), User select 10 on where we select the date of birth (day), User enters 'Password1234' into where we assign the password, User enters 'Password1234' into where we confirm the password, User clicks on where we send the record]], Then register successfully
| strValidate |
| Automation Demo Site | [Then answer]]]
[Test worker] INFO net.thucydides.core.steps.ConsoleLoggingListener - ?[92m
        __    _____ _____ ____ _____   ____   _    ____  ____  _____ ____  
  _     \ \  |_   _| ____/ ___|_   _| |  _ \ / \  / ___|/ ___|| ____|  _ \ 
 (_)_____| |   | | |  _| \___ \ | |   | |_) / _ \ \___ \\___ \|  _| | | | |
  _|_____| |   | | | |___ ___) || |   |  __/ ___ \ ___) |___) | |___| |_| |
 (_)     | |   |_| |_____|____/ |_|   |_| /_/   \_\____/|____/|_____|____/ 
        /_/                                                                

TEST PASSED: New user registration
----------------------------------------------------------------------------?[0m
]]></system-err>
</testsuite>
